data/fasta/Test_315.fa
[SKIP] Exists: 4yoc_A
[SKIP] Exists: 5wmm_A
[SKIP] Exists: 5e6u_A
[SKIP] Exists: 4qj3_B
[SKIP] Exists: 4cgy_A
[SKIP] Exists: 5k04_A
[SKIP] Exists: 4l79_A
[SKIP] Exists: 6c90_A
[SKIP] Exists: 4mh0_E
[SKIP] Exists: 6x07_A
[SKIP] Exists: 4ci6_B
[SKIP] Exists: 6i8g_A
[SKIP] Exists: 4cj0_A
[SKIP] Exists: 6oq7_A
[SKIP] Exists: 4yoc_C
[SKIP] Exists: 6l4o_A
[SKIP] Exists: 5imt_A
[SKIP] Exists: 5c46_E
[SKIP] Exists: 6c0b_A
[SKIP] Exists: 6e8e_A
[SKIP] Exists: 5xbf_A
[SKIP] Exists: 4us0_S
[SKIP] Exists: 4tx3_B
[SKIP] Exists: 5cm8_A
[SKIP] Exists: 4uaf_B
[SKIP] Exists: 5cec_A
[SKIP] Exists: 5kp7_A
[SKIP] Exists: 6aw3_B
[SKIP] Exists: 4zgy_A
[SKIP] Exists: 6fcv_B
[SKIP] Exists: 4tx3_A
[SKIP] Exists: 7bxf_A
[SKIP] Exists: 4qam_A
[SKIP] Exists: 4n80_A
[SKIP] Exists: 4ht3_B
[SKIP] Exists: 6l1y_A
[SKIP] Exists: 5wxk_A
[SKIP] Exists: 4yc7_B
[SKIP] Exists: 6i4e_A
[SKIP] Exists: 4xga_A
[SKIP] Exists: 5mu7_A
[SKIP] Exists: 6kp3_A
[SKIP] Exists: 5cxb_B
[SKIP] Exists: 6x90_B
[SKIP] Exists: 6l59_B
[SKIP] Exists: 5xve_A
[SKIP] Exists: 5kyc_B
[SKIP] Exists: 6rll_B
[SKIP] Exists: 6ei1_A
[SKIP] Exists: 6jzy_A
[SKIP] Exists: 6zmd_B
[SKIP] Exists: 5czd_A
[SKIP] Exists: 4zgn_A
[SKIP] Exists: 6fv0_A
[SKIP] Exists: 4x33_B
[SKIP] Exists: 6ch3_A
[SKIP] Exists: 6kip_B
[SKIP] Exists: 6w2l_A
[SKIP] Exists: 4m0w_A
[SKIP] Exists: 4bmp_A
[SKIP] Exists: 6g4j_A
[SKIP] Exists: 5bz0_A
[SKIP] Exists: 4xlg_A
[SKIP] Exists: 5ffn_A
[SKIP] Exists: 5maw_D
[SKIP] Exists: 6u3w_B
[SKIP] Exists: 4rca_A
[SKIP] Exists: 5l2w_B
[SKIP] Exists: 6aci_A
[SKIP] Exists: 6kip_A
[SKIP] Exists: 5ynm_A
[SKIP] Exists: 6u3w_A
[SKIP] Exists: 5il2_B
[SKIP] Exists: 6gho_B
[SKIP] Exists: 6rtw_A
[SKIP] Exists: 6lki_A
[SKIP] Exists: 5h65_A
[SKIP] Exists: 5u8c_A
[SKIP] Exists: 4x6r_B
[SKIP] Exists: 5jqs_A
[SKIP] Exists: 5vxm_A
[SKIP] Exists: 5xly_A
[SKIP] Exists: 5zwl_G
[SKIP] Exists: 6qta_A
[SKIP] Exists: 6vcl_A
[SKIP] Exists: 6y4l_A
[SKIP] Exists: 5oe7_A
[SKIP] Exists: 4wem_A
[SKIP] Exists: 4ht3_A
[SKIP] Exists: 4rhz_A
[SKIP] Exists: 6ine_A
[SKIP] Exists: 6ird_B
[SKIP] Exists: 6dfl_A
[SKIP] Exists: 5tvq_A
[SKIP] Exists: 4tth_A
[SKIP] Exists: 6jzy_B
[SKIP] Exists: 6swt_A
[SKIP] Exists: 6wcw_A
[SKIP] Exists: 6k9p_B
[SKIP] Exists: 6m3i_B
[SKIP] Exists: 5e8c_A
[SKIP] Exists: 5jwo_A
[SKIP] Exists: 4xga_B
[SKIP] Exists: 5ncm_A
[SKIP] Exists: 4yk8_B
[SKIP] Exists: 6hul_A
[SKIP] Exists: 6thl_A
[SKIP] Exists: 5f4e_A
[SKIP] Exists: 6rmn_B
[SKIP] Exists: 6sdv_B
[SKIP] Exists: 4yn0_B
[SKIP] Exists: 4crw_A
[SKIP] Exists: 4yxc_B
[SKIP] Exists: 6isc_A
[SKIP] Exists: 6imf_A
[SKIP] Exists: 5dqs_A
[SKIP] Exists: 5gpy_A
[SKIP] Exists: 5jp1_A
[SKIP] Exists: 4cgy_B
[SKIP] Exists: 4bvx_A
[SKIP] Exists: 4c2a_A
[SKIP] Exists: 4wz3_B
[SKIP] Exists: 5f4e_B
[SKIP] Exists: 6h2u_A
[SKIP] Exists: 6w2l_B
[SKIP] Exists: 5ee5_A
[SKIP] Exists: 5fr1_B
[SKIP] Exists: 6mm8_D
[SKIP] Exists: 5c2j_A
[SKIP] Exists: 5eo9_B
[SKIP] Exists: 5cm2_Z
[SKIP] Exists: 6if2_A
[SKIP] Exists: 4qam_B
[SKIP] Exists: 4qlp_B
[SKIP] Exists: 6l4p_A
[SKIP] Exists: 5c50_A
[SKIP] Exists: 6g8r_B
[SKIP] Exists: 4zfr_A
[SKIP] Exists: 5oec_A
[SKIP] Exists: 4u5y_A
[SKIP] Exists: 5c50_B
[SKIP] Exists: 6pnp_A
[SKIP] Exists: 4kdl_A
[SKIP] Exists: 5chl_B
[SKIP] Exists: 6ndu_A
[SKIP] Exists: 6wtg_A
[SKIP] Exists: 4wkz_B
[SKIP] Exists: 4yn0_A
[SKIP] Exists: 5b64_A
[SKIP] Exists: 6lbu_A
[SKIP] Exists: 6pgv_A
[SKIP] Exists: 4ww7_B
[SKIP] Exists: 4yk8_A
[SKIP] Exists: 4zqu_B
[SKIP] Exists: 6thl_B
[SKIP] Exists: 5k22_A
[SKIP] Exists: 4p3y_B
[SKIP] Exists: 7cn7_A
[SKIP] Exists: 4qxa_B
[SKIP] Exists: 5o33_B
[SKIP] Exists: 6w9s_A
[SKIP] Exists: 6ine_B
[SKIP] Exists: 6l1y_C
[SKIP] Exists: 4qlp_A
[SKIP] Exists: 5d5n_A
[SKIP] Exists: 5oen_B
[SKIP] Exists: 5w59_A
[SKIP] Exists: 5v5h_A
[SKIP] Exists: 6if3_A
[SKIP] Exists: 5dmr_A
[SKIP] Exists: 4bvx_B
[SKIP] Exists: 5e8c_B
[SKIP] Exists: 5oen_A
[SKIP] Exists: 6lki_B
[SKIP] Exists: 6mba_A
[SKIP] Exists: 6mav_A
[SKIP] Exists: 6pnp_B
[SKIP] Exists: 6zdt_B
[SKIP] Exists: 7azb_A
[SKIP] Exists: 6ffa_A
[SKIP] Exists: 3wso_B
[SKIP] Exists: 6hlv_A
[SKIP] Exists: 5jqp_B
[SKIP] Exists: 4zv0_A
[SKIP] Exists: 6vcl_B
[SKIP] Exists: 4onm_B
[SKIP] Exists: 4rlj_A
[SKIP] Exists: 4xax_B
[SKIP] Exists: 6ux8_A
[SKIP] Exists: 5k22_B
[SKIP] Exists: 5e0q_B
[SKIP] Exists: 5szh_A
[SKIP] Exists: 4uyq_A
[SKIP] Exists: 4w6x_A
[SKIP] Exists: 5dmb_A
[SKIP] Exists: 5m2o_A
[SKIP] Exists: 5v03_R
[SKIP] Exists: 6dex_A
[SKIP] Exists: 6g4j_B
[SKIP] Exists: 4rlj_B
[SKIP] Exists: 6bcb_A
[SKIP] Exists: 5c2u_A
[SKIP] Exists: 6zie_A
[SKIP] Exists: 4y2o_B
[SKIP] Exists: 5vgb_A
[SKIP] Exists: 5nrm_A
[SKIP] Exists: 6lbu_B
[SKIP] Exists: 5ynm_B
[SKIP] Exists: 5zwl_E
[SKIP] Exists: 6kmq_B
[SKIP] Exists: 4u5y_D
[SKIP] Exists: 4zgy_B
[SKIP] Exists: 5f22_B
[SKIP] Exists: 3x37_B
[SKIP] Exists: 5d1m_B
[SKIP] Exists: 5iwb_A
[SKIP] Exists: 5maw_E
[SKIP] Exists: 5xly_B
[SKIP] Exists: 5iwb_B
[SKIP] Exists: 5lda_A
[SKIP] Exists: 6mib_B
[SKIP] Exists: 4cmm_A
[SKIP] Exists: 4cmm_B
[SKIP] Exists: 5imm_A
[SKIP] Exists: 4rhz_B
[SKIP] Exists: 5b64_B
[SKIP] Exists: 4n80_B
[SKIP] Exists: 5xbf_B
[SKIP] Exists: 4zqu_A
[SKIP] Exists: 3x37_A
[SKIP] Exists: 4qjf_B
[SKIP] Exists: 5wp3_B
[SKIP] Exists: 5zza_P
[SKIP] Exists: 6sm5_A
[SKIP] Exists: 4bmp_B
[SKIP] Exists: 6h1f_B
[SKIP] Exists: 6kp3_B
[SKIP] Exists: 6h2u_B
[SKIP] Exists: 6kmq_A
[SKIP] Exists: 5j26_A
[SKIP] Exists: 5l8l_B
[SKIP] Exists: 6c7y_B
[SKIP] Exists: 6od1_B
[SKIP] Exists: 3wdg_B
[SKIP] Exists: 4rs1_A
[SKIP] Exists: 5jno_A
[SKIP] Exists: 5knh_I
[SKIP] Exists: 6r6m_A
[SKIP] Exists: 6aw3_A
[SKIP] Exists: 5gpy_B
[SKIP] Exists: 6qta_B
[SKIP] Exists: 7bxf_C
[SKIP] Exists: 4pw9_B
[SKIP] Exists: 5fq2_B
[SKIP] Exists: 5ncm_B
[SKIP] Exists: 4c4k_T
[SKIP] Exists: 5v03_B
[SKIP] Exists: 6r6m_B
[SKIP] Exists: 5jwo_B
[SKIP] Exists: 7cd8_A
[SKIP] Exists: 4y5o_A
[SKIP] Exists: 7bu5_A
[SKIP] Exists: 5e95_B
[SKIP] Exists: 6ixx_I
[SKIP] Exists: 5m2o_B
[SKIP] Exists: 6o6e_E
[SKIP] Exists: 6wh1_A
[SKIP] Exists: 4zv0_B
[SKIP] Exists: 5kev_A
[SKIP] Exists: 6fub_B
[SKIP] Exists: 6ndu_B
[SKIP] Exists: 6aci_H
[SKIP] Exists: 6swt_B
[SKIP] Exists: 4mrt_C
[SKIP] Exists: 4yii_A
[SKIP] Exists: 5f22_A
[SKIP] Exists: 4uaf_E
[SKIP] Exists: 5svh_A
[SKIP] Exists: 5vgb_B
[SKIP] Exists: 4udm_A
[SKIP] Exists: 5b5w_U
[SKIP] Exists: 5czd_B
[SKIP] Exists: 6odd_A
[SKIP] Exists: 4k12_B
[SKIP] Exists: 5dmb_D
[SKIP] Exists: 5xed_A
[SKIP] Exists: 4cj0_B
[SKIP] Exists: 6ea3_A
[SKIP] Exists: 6fc0_B
[SKIP] Exists: 6fub_A
[SKIP] Exists: 7d2s_B
[SKIP] Exists: 4xlg_B
[SKIP] Exists: 4zrl_B
[SKIP] Exists: 5imt_D
[SKIP] Exists: 7cn7_C
[SKIP] Exists: 5chl_A
[SKIP] Exists: 6odd_B
[SKIP] Exists: 6tri_B
[SKIP] Exists: 4yh8_B
[SKIP] Exists: 5j4s_B
[SKIP] Exists: 5abu_B
[SKIP] Exists: 5wxk_B
[SKIP] Exists: 6bn1_B
[SKIP] Exists: 6gr8_B
[SKIP] Exists: 5lda_B
[SKIP] Exists: 5eu0_B
[SKIP] Exists: 6kbr_C
[SKIP] Exists: 4k12_A
[SKIP] Exists: 4x33_A
[SKIP] Exists: 7bu5_B
[SKIP] Exists: 5aie_A
[SKIP] Exists: 5jno_B
[SKIP] Exists: 6bn1_A
[SKIP] Exists: 5h65_B
[SKIP] Exists: 6fc3_B
data/fasta/Train_335.fa
[SKIP] Exists: 1f60_B
[SKIP] Exists: 4iu2_B
[SKIP] Exists: 3f6q_B
[SKIP] Exists: 4bi8_A
[SKIP] Exists: 2o3b_A
[SKIP] Exists: 3h4s_E
[SKIP] Exists: 1mah_A
[SKIP] Exists: 3p8b_A
[SKIP] Exists: 4kt6_A
[SKIP] Exists: 2r25_A
[SKIP] Exists: 2qc1_B
[SKIP] Exists: 2d5r_A
[SKIP] Exists: 1pq1_A
[SKIP] Exists: 3w0l_A
[SKIP] Exists: 3mcb_B
[SKIP] Exists: 3vpj_A
[SKIP] Exists: 1nw9_A
[SKIP] Exists: 3zeu_D
[SKIP] Exists: 3nyb_B
[SKIP] Exists: 3fqd_A
[SKIP] Exists: 3mj7_B
[SKIP] Exists: 7cei_A
[SKIP] Exists: 1ksh_A
[SKIP] Exists: 4kt6_B
[SKIP] Exists: 1dfj_E
[SKIP] Exists: 1euv_B
[SKIP] Exists: 2o2v_A
[SKIP] Exists: 2fcw_B
[SKIP] Exists: 2dvw_B
[SKIP] Exists: 3o3m_A
[SKIP] Exists: 1gcq_C
[SKIP] Exists: 1xg2_A
[SKIP] Exists: 4g7x_A
[SKIP] Exists: 3fii_A
[SKIP] Exists: 4bjj_B
[SKIP] Exists: 4e4w_A
[SKIP] Exists: 2qkl_B
[SKIP] Exists: 2v1y_A
[SKIP] Exists: 1acb_I
[SKIP] Exists: 1jtd_B
[SKIP] Exists: 3dlq_I
[SKIP] Exists: 3fmo_B
[SKIP] Exists: 2o3b_B
[SKIP] Exists: 1ewy_A
[SKIP] Exists: 2mta_A
[SKIP] Exists: 4bh6_D
[SKIP] Exists: 2omz_B
[SKIP] Exists: 2qc1_A
[SKIP] Exists: 3w2w_A
[SKIP] Exists: 4etp_B
[SKIP] Exists: 2a9k_B
[SKIP] Exists: 4a5u_B
[SKIP] Exists: 1pxv_A
[SKIP] Exists: 3bp6_A
[SKIP] Exists: 4m69_A
[SKIP] Exists: 3d7v_A
[SKIP] Exists: 3uvj_B
[SKIP] Exists: 1v74_B
[SKIP] Exists: 3f1s_B
[SKIP] Exists: 4dfc_B
[SKIP] Exists: 3mdb_C
[SKIP] Exists: 3aqb_B
[SKIP] Exists: 1hx1_B
[SKIP] Exists: 3w2w_B
[SKIP] Exists: 1kkl_H
[SKIP] Exists: 4iu2_A
[SKIP] Exists: 3w0l_B
[SKIP] Exists: 4bjj_A
[SKIP] Exists: 1z3e_B
[SKIP] Exists: 1u0s_Y
[SKIP] Exists: 1yvb_I
[SKIP] Exists: 3mmy_A
[SKIP] Exists: 1ktz_B
[SKIP] Exists: 3axj_B
[SKIP] Exists: 1ta3_B
[SKIP] Exists: 3bp6_B
[SKIP] Exists: 1nrj_A
[SKIP] Exists: 3ona_B
[SKIP] Exists: 3og6_A
[SKIP] Exists: 3q9n_A
[SKIP] Exists: 2voh_A
[SKIP] Exists: 2ajf_E
[SKIP] Exists: 3zyi_A
[SKIP] Exists: 2hqs_A
[SKIP] Exists: 1jmt_A
[SKIP] Exists: 4euk_B
[SKIP] Exists: 1n2c_A
[SKIP] Exists: 3d4u_B
[SKIP] Exists: 4bh6_L
[SKIP] Exists: 4hff_B
[SKIP] Exists: 2cg5_A
[SKIP] Exists: 3our_A
[SKIP] Exists: 2hrk_B
[SKIP] Exists: 2apo_A
[SKIP] Exists: 4hlu_D
[SKIP] Exists: 1ksh_B
[SKIP] Exists: 1b6c_A
[SKIP] Exists: 2o2v_B
[SKIP] Exists: 1k5d_B
[SKIP] Exists: 1k5d_C
[SKIP] Exists: 1fc2_C
[SKIP] Exists: 1n2c_E
[SKIP] Exists: 3zeu_E
[SKIP] Exists: 3di3_B
[SKIP] Exists: 4je3_A
[SKIP] Exists: 2b59_A
[SKIP] Exists: 2j3r_A
[SKIP] Exists: 4fou_C
[SKIP] Exists: 2b59_B
[SKIP] Exists: 4kbm_A
[SKIP] Exists: 2ozn_B
[SKIP] Exists: 1t6b_X
[SKIP] Exists: 4awx_A
[SKIP] Exists: 1ib1_A
[SKIP] Exists: 1eer_A
[SKIP] Exists: 3cki_A
[SKIP] Exists: 3mdb_A
[SKIP] Exists: 4apx_A
[SKIP] Exists: 2qxv_A
[SKIP] Exists: 2d5r_B
[SKIP] Exists: 2v8s_E
[SKIP] Exists: 1mah_F
[SKIP] Exists: 2v1y_B
[SKIP] Exists: 3tgx_B
[SKIP] Exists: 1e6e_A
[SKIP] Exists: 2v8s_V
[SKIP] Exists: 2d74_B
[SKIP] Exists: 2wus_A
[SKIP] Exists: 1efn_B
[SKIP] Exists: 3cf4_G
[SKIP] Exists: 3gni_A
[SKIP] Exists: 3anw_B
[SKIP] Exists: 4hff_A
[SKIP] Exists: 1k74_A
[SKIP] Exists: 2o8v_B
[SKIP] Exists: 3m7f_B
[SKIP] Exists: 3ayh_B
[SKIP] Exists: 3mmy_B
[SKIP] Exists: 1k74_D
[SKIP] Exists: 1e4k_C
[SKIP] Exists: 1rlb_E
[SKIP] Exists: 2c5k_T
[SKIP] Exists: 1ktz_A
[SKIP] Exists: 2yaj_A
[SKIP] Exists: 3vz9_B
[SKIP] Exists: 1nrj_B
[SKIP] Exists: 3b08_B
[SKIP] Exists: 3aqb_A
[SKIP] Exists: 4fq0_B
[SKIP] Exists: 4fq0_C
[SKIP] Exists: 3gni_B
[SKIP] Exists: 3mj7_A
[SKIP] Exists: 3vu9_A
[SKIP] Exists: 4joi_D
[SKIP] Exists: 2z0e_B
[SKIP] Exists: 3c5t_A
[SKIP] Exists: 4fou_A
[SKIP] Exists: 3zhe_A
[SKIP] Exists: 2doh_X
[SKIP] Exists: 1jiw_P
[SKIP] Exists: 3d48_R
[SKIP] Exists: 2p7v_A
[SKIP] Exists: 2hqs_H
[SKIP] Exists: 4euk_A
[SKIP] Exists: 4f6u_B
[SKIP] Exists: 2j3r_B
[SKIP] Exists: 1efn_A
[SKIP] Exists: 4hop_A
[SKIP] Exists: 1z0j_B
[SKIP] Exists: 4eqa_C
[SKIP] Exists: 2ycl_B
[SKIP] Exists: 3tu3_B
[SKIP] Exists: 2cg5_B
[SKIP] Exists: 3pv6_A
[SKIP] Exists: 4ged_B
[SKIP] Exists: 3bs5_B
[SKIP] Exists: 1e6e_B
[SKIP] Exists: 1gl4_B
[SKIP] Exists: 1tnr_A
[SKIP] Exists: 3cx8_B
[SKIP] Exists: 2o8v_A
[SKIP] Exists: 3p8b_B
[SKIP] Exists: 3zkq_A
[SKIP] Exists: 3zr4_B
[SKIP] Exists: 4h3k_A
[SKIP] Exists: 2wd5_A
[SKIP] Exists: 1eer_B
[SKIP] Exists: 3dgp_A
[SKIP] Exists: 4gn4_B
[SKIP] Exists: 4awx_B
[SKIP] Exists: 3beg_B
[SKIP] Exists: 3dlq_R
[SKIP] Exists: 1f60_A
[SKIP] Exists: 1pxv_C
[SKIP] Exists: 1tnr_R
[SKIP] Exists: 1svd_M
[SKIP] Exists: 3fqd_B
[SKIP] Exists: 2fp4_A
[SKIP] Exists: 3m7f_A
[SKIP] Exists: 2yc2_D
[SKIP] Exists: 1dfj_I
[SKIP] Exists: 2h0d_B
[SKIP] Exists: 2wd5_B
[SKIP] Exists: 2ajf_A
[SKIP] Exists: 4apx_B
[SKIP] Exists: 3bs5_A
[SKIP] Exists: 2z0e_A
[SKIP] Exists: 3anw_A
[SKIP] Exists: 3vu9_B
[SKIP] Exists: 4a5u_A
[SKIP] Exists: 5wy5_A
[SKIP] Exists: 1itb_B
[SKIP] Exists: 4etp_A
[SKIP] Exists: 3ona_A
[SKIP] Exists: 1c1y_B
[SKIP] Exists: 1jiw_I
[SKIP] Exists: 1z5y_E
[SKIP] Exists: 2h0d_A
[SKIP] Exists: 3og6_B
[SKIP] Exists: 1h32_A
[SKIP] Exists: 1kkl_C
[SKIP] Exists: 1ka9_F
[SKIP] Exists: 1ghq_A
[SKIP] Exists: 2xqr_A
[SKIP] Exists: 2y9w_C
[SKIP] Exists: 1hx1_A
[SKIP] Exists: 1n2c_B
[SKIP] Exists: 1te1_B
[SKIP] Exists: 4kt3_B
[SKIP] Exists: 2p7v_B
[SKIP] Exists: 3axj_A
[SKIP] Exists: 2ehb_D
[SKIP] Exists: 1k5d_A
[SKIP] Exists: 1udi_E
[SKIP] Exists: 1xg2_B
[SKIP] Exists: 1wpx_B
[SKIP] Exists: 3h4s_A
[SKIP] Exists: 3pv6_B
[SKIP] Exists: 1wkw_A
[SKIP] Exists: 3zyi_B
[SKIP] Exists: 1tdq_A
[SKIP] Exists: 1jmo_H
[SKIP] Exists: 2ycl_A
[SKIP] Exists: 1nw9_B
[SKIP] Exists: 4f6u_A
[SKIP] Exists: 3tgx_A
[SKIP] Exists: 1euv_A
[SKIP] Exists: 2yaj_B
[SKIP] Exists: 1z5y_D
[SKIP] Exists: 3d48_P
[SKIP] Exists: 1xqs_A
[SKIP] Exists: 1f34_A
[SKIP] Exists: 1ghq_B
[SKIP] Exists: 2g77_A
[SKIP] Exists: 3q87_B
[SKIP] Exists: 3cki_B
[SKIP] Exists: 3mp7_B
[SKIP] Exists: 3ph0_C
[SKIP] Exists: 2c9x_B
[SKIP] Exists: 4g7x_B
[SKIP] Exists: 1jmo_L
[SKIP] Exists: 3shg_B
[SKIP] Exists: 4gn4_A
[SKIP] Exists: 2g2u_B
[SKIP] Exists: 1u0s_A
[SKIP] Exists: 1udi_I
[SKIP] Exists: 3cqc_B
[SKIP] Exists: 1rlb_A
[SKIP] Exists: 3cbj_B
[SKIP] Exists: 3ayh_A
[SKIP] Exists: 4ged_A
[SKIP] Exists: 3ph0_A
[SKIP] Exists: 5wy5_B
[SKIP] Exists: 2mta_L
[SKIP] Exists: 2fp4_B
[SKIP] Exists: 2omz_A
[SKIP] Exists: 2v6x_A
[SKIP] Exists: 4dfc_A
[SKIP] Exists: 1ggp_B
[SKIP] Exists: 1ay7_B
[SKIP] Exists: 1kac_A
[SKIP] Exists: 2c9x_A
[SKIP] Exists: 3czu_B
[SKIP] Exists: 2hrk_A
[SKIP] Exists: 1ib1_E
[SKIP] Exists: 2rd7_C
[SKIP] Exists: 4e4w_B
[SKIP] Exists: 1e4k_A
[SKIP] Exists: 1zbx_B
[SKIP] Exists: 3viq_B
[SKIP] Exists: 3r07_C
[SKIP] Exists: 4nqw_A
[SKIP] Exists: 3beg_A
[SKIP] Exists: 2rd7_A
[SKIP] Exists: 1zbd_B
[SKIP] Exists: 3mp7_A
[SKIP] Exists: 3b08_A
[SKIP] Exists: 1f34_B
[SKIP] Exists: 2wus_R
[SKIP] Exists: 4bi8_B
[SKIP] Exists: 3czu_A
[SKIP] Exists: 1ak4_D
[SKIP] Exists: 3r07_A
[SKIP] Exists: 2mta_H
[SKIP] Exists: 4hop_B
[SKIP] Exists: 2ozn_A
[SKIP] Exists: 1zbx_A
[SKIP] Exists: 3viq_A
[SKIP] Exists: 1gla_F
[SKIP] Exists: 4cdg_C
[SKIP] Exists: 1mg9_A
[SKIP] Exists: 3dgp_B
[SKIP] Exists: 4emj_A
[SKIP] Exists: 1ml0_A
[SKIP] Exists: 1gcq_B
[SKIP] Exists: 1z3e_A
[SKIP] Exists: 1mg9_B
[SKIP] Exists: 2fhz_A
[SKIP] Exists: 2fcw_A
[SKIP] Exists: 1tdq_B
[SKIP] Exists: 3vrd_B
[SKIP] Exists: 3di3_A
[SKIP] Exists: 3cpj_G
[SKIP] Exists: 3fju_B
[SKIP] Exists: 1svd_A
[SKIP] Exists: 4g6t_B
[SKIP] Exists: 3vrd_A
[SKIP] Exists: 3s97_A
[SKIP] Exists: 1itb_A
[SKIP] Exists: 1ak4_A
[SKIP] Exists: 3bh7_B
[SKIP] Exists: 3cx8_A
[SKIP] Exists: 4e6n_A
[SKIP] Exists: 4m70_B
[SKIP] Exists: 3nyb_A
data/fasta/Test_60.fa
[SKIP] Exists: 2v9t_A
[SKIP] Exists: 4h3k_B
[SKIP] Exists: 3uvj_A
[SKIP] Exists: 4emj_B
[SKIP] Exists: 4je3_B
[SKIP] Exists: 3cf4_A
[SKIP] Exists: 4g6t_A
[SKIP] Exists: 4nqw_B
[SKIP] Exists: 3tu3_A
[SKIP] Exists: 1e96_B
[SKIP] Exists: 1v74_A
[SKIP] Exists: 3mcb_A
[SKIP] Exists: 1qa9_A
[SKIP] Exists: 2qkl_A
[SKIP] Exists: 3zhe_B
[SKIP] Exists: 1t6b_Y
[SKIP] Exists: 3f6q_A
[SKIP] Exists: 4m70_H
[SKIP] Exists: 2apo_B
[SKIP] Exists: 3s97_C
[SKIP] Exists: 1qa9_B
[SKIP] Exists: 2y9w_A
[SKIP] Exists: 3fju_A
[SKIP] Exists: 1gl4_A
[SKIP] Exists: 1ay7_A
[SKIP] Exists: 2c0l_A
[SKIP] Exists: 1wpx_A
[SKIP] Exists: 3vz9_D
[SKIP] Exists: 4hlu_A
[SKIP] Exists: 1h32_B
[SKIP] Exists: 4e6n_B
[SKIP] Exists: 2c0l_B
[SKIP] Exists: 2fhz_B
[SKIP] Exists: 2ehb_A
[SKIP] Exists: 2g2u_A
[SKIP] Exists: 3cbj_A
[SKIP] Exists: 1gla_G
[SKIP] Exists: 3shg_A
[SKIP] Exists: 1ggp_A
[SKIP] Exists: 4joi_A
[SKIP] Exists: 1ta3_A
[SKIP] Exists: 2b42_A
[SKIP] Exists: 4kt3_A
[SKIP] Exists: 3q87_A
[SKIP] Exists: 1jmo_A
[SKIP] Exists: 3ocd_B
[SKIP] Exists: 2d74_A
[SKIP] Exists: 4cdg_A
[SKIP] Exists: 1b6c_B
[SKIP] Exists: 2dvw_A
[SKIP] Exists: 2ot3_A
[SKIP] Exists: 2yc2_A
[SKIP] Exists: 2v4z_B
[SKIP] Exists: 1ewy_C
[SKIP] Exists: 7cei_B
[SKIP] Exists: 1r8s_E
[SKIP] Exists: 3fmo_A
[SKIP] Exists: 3o3m_B
[SKIP] Exists: 3cqc_A
[SKIP] Exists: 4kbm_B
