[INFO] Found 454 unique PDB IDs
[SKIP] 1acb.pdb already exists
[SKIP] 1ak4.pdb already exists
[SKIP] 1ay7.pdb already exists
[SKIP] 1b6c.pdb already exists
[SKIP] 1c1y.pdb already exists
[SKIP] 1dfj.pdb already exists
[SKIP] 1e4k.pdb already exists
[SKIP] 1e6e.pdb already exists
[SKIP] 1e96.pdb already exists
[SKIP] 1eer.pdb already exists
[SKIP] 1efn.pdb already exists
[SKIP] 1euv.pdb already exists
[SKIP] 1ewy.pdb already exists
[SKIP] 1f34.pdb already exists
[SKIP] 1f60.pdb already exists
[SKIP] 1fc2.pdb already exists
[SKIP] 1gcq.pdb already exists
[SKIP] 1ggp.pdb already exists
[SKIP] 1ghq.pdb already exists
[SKIP] 1gl4.pdb already exists
[SKIP] 1gla.pdb already exists
[SKIP] 1h32.pdb already exists
[SKIP] 1hx1.pdb already exists
[SKIP] 1ib1.pdb already exists
[SKIP] 1itb.pdb already exists
[SKIP] 1jiw.pdb already exists
[SKIP] 1jmo.pdb already exists
[SKIP] 1jmt.pdb already exists
[SKIP] 1jtd.pdb already exists
[SKIP] 1k5d.pdb already exists
[SKIP] 1k74.pdb already exists
[SKIP] 1ka9.pdb already exists
[SKIP] 1kac.pdb already exists
[SKIP] 1kkl.pdb already exists
[SKIP] 1ksh.pdb already exists
[SKIP] 1ktz.pdb already exists
[SKIP] 1mah.pdb already exists
[SKIP] 1mg9.pdb already exists
[SKIP] 1ml0.pdb already exists
[SKIP] 1n2c.pdb already exists
[SKIP] 1nrj.pdb already exists
[SKIP] 1nw9.pdb already exists
[SKIP] 1pq1.pdb already exists
[SKIP] 1pxv.pdb already exists
[SKIP] 1qa9.pdb already exists
[SKIP] 1r8s.pdb already exists
[SKIP] 1rlb.pdb already exists
[SKIP] 1svd.pdb already exists
[SKIP] 1t6b.pdb already exists
[SKIP] 1ta3.pdb already exists
[SKIP] 1tdq.pdb already exists
[SKIP] 1te1.pdb already exists
[SKIP] 1tnr.pdb already exists
[SKIP] 1u0s.pdb already exists
[SKIP] 1udi.pdb already exists
[SKIP] 1v74.pdb already exists
[SKIP] 1wkw.pdb already exists
[SKIP] 1wpx.pdb already exists
[SKIP] 1xg2.pdb already exists
[SKIP] 1xqs.pdb already exists
[SKIP] 1yvb.pdb already exists
[SKIP] 1z0j.pdb already exists
[SKIP] 1z3e.pdb already exists
[SKIP] 1z5y.pdb already exists
[SKIP] 1zbd.pdb already exists
[SKIP] 1zbx.pdb already exists
[SKIP] 2a9k.pdb already exists
[SKIP] 2ajf.pdb already exists
[SKIP] 2apo.pdb already exists
[SKIP] 2b42.pdb already exists
[SKIP] 2b59.pdb already exists
[SKIP] 2c0l.pdb already exists
[SKIP] 2c5k.pdb already exists
[SKIP] 2c9x.pdb already exists
[SKIP] 2cg5.pdb already exists
[SKIP] 2d5r.pdb already exists
[SKIP] 2d74.pdb already exists
[SKIP] 2doh.pdb already exists
[SKIP] 2dvw.pdb already exists
[SKIP] 2ehb.pdb already exists
[SKIP] 2fcw.pdb already exists
[SKIP] 2fhz.pdb already exists
[SKIP] 2fp4.pdb already exists
[SKIP] 2g2u.pdb already exists
[SKIP] 2g77.pdb already exists
[SKIP] 2h0d.pdb already exists
[SKIP] 2hqs.pdb already exists
[SKIP] 2hrk.pdb already exists
[SKIP] 2j3r.pdb already exists
[SKIP] 2mta.pdb already exists
[SKIP] 2o2v.pdb already exists
[SKIP] 2o3b.pdb already exists
[SKIP] 2o8v.pdb already exists
[SKIP] 2omz.pdb already exists
[SKIP] 2ot3.pdb already exists
[SKIP] 2ozn.pdb already exists
[SKIP] 2p7v.pdb already exists
[SKIP] 2qc1.pdb already exists
[SKIP] 2qkl.pdb already exists
[SKIP] 2qxv.pdb already exists
[SKIP] 2r25.pdb already exists
[SKIP] 2rd7.pdb already exists
[SKIP] 2v1y.pdb already exists
[SKIP] 2v4z.pdb already exists
[SKIP] 2v6x.pdb already exists
[SKIP] 2v8s.pdb already exists
[SKIP] 2v9t.pdb already exists
[SKIP] 2voh.pdb already exists
[SKIP] 2wd5.pdb already exists
[SKIP] 2wus.pdb already exists
[SKIP] 2xqr.pdb already exists
[SKIP] 2y9w.pdb already exists
[SKIP] 2yaj.pdb already exists
[SKIP] 2yc2.pdb already exists
[SKIP] 2ycl.pdb already exists
[SKIP] 2z0e.pdb already exists
[SKIP] 3anw.pdb already exists
[SKIP] 3aqb.pdb already exists
[SKIP] 3axj.pdb already exists
[SKIP] 3ayh.pdb already exists
[SKIP] 3b08.pdb already exists
[SKIP] 3beg.pdb already exists
[SKIP] 3bh7.pdb already exists
[SKIP] 3bp6.pdb already exists
[SKIP] 3bs5.pdb already exists
[SKIP] 3c5t.pdb already exists
[SKIP] 3cbj.pdb already exists
[SKIP] 3cf4.pdb already exists
[SKIP] 3cki.pdb already exists
[SKIP] 3cpj.pdb already exists
[SKIP] 3cqc.pdb already exists
[SKIP] 3cx8.pdb already exists
[SKIP] 3czu.pdb already exists
[SKIP] 3d48.pdb already exists
[SKIP] 3d4u.pdb already exists
[SKIP] 3d7v.pdb already exists
[SKIP] 3dgp.pdb already exists
[SKIP] 3di3.pdb already exists
[SKIP] 3dlq.pdb already exists
[SKIP] 3f1s.pdb already exists
[SKIP] 3f6q.pdb already exists
[SKIP] 3fii.pdb already exists
[SKIP] 3fju.pdb already exists
[SKIP] 3fmo.pdb already exists
[SKIP] 3fqd.pdb already exists
[SKIP] 3gni.pdb already exists
[SKIP] 3h4s.pdb already exists
[SKIP] 3m7f.pdb already exists
[SKIP] 3mcb.pdb already exists
[SKIP] 3mdb.pdb already exists
[SKIP] 3mj7.pdb already exists
[SKIP] 3mmy.pdb already exists
[SKIP] 3mp7.pdb already exists
[SKIP] 3nyb.pdb already exists
[SKIP] 3o3m.pdb already exists
[SKIP] 3ocd.pdb already exists
[SKIP] 3og6.pdb already exists
[SKIP] 3ona.pdb already exists
[SKIP] 3our.pdb already exists
[SKIP] 3p8b.pdb already exists
[SKIP] 3ph0.pdb already exists
[SKIP] 3pv6.pdb already exists
[SKIP] 3q87.pdb already exists
[SKIP] 3q9n.pdb already exists
[SKIP] 3r07.pdb already exists
[SKIP] 3s97.pdb already exists
[SKIP] 3shg.pdb already exists
[SKIP] 3tgx.pdb already exists
[SKIP] 3tu3.pdb already exists
[SKIP] 3uvj.pdb already exists
[SKIP] 3viq.pdb already exists
[SKIP] 3vpj.pdb already exists
[SKIP] 3vrd.pdb already exists
[SKIP] 3vu9.pdb already exists
[SKIP] 3vz9.pdb already exists
[SKIP] 3w0l.pdb already exists
[SKIP] 3w2w.pdb already exists
[SKIP] 3wdg.pdb already exists
[SKIP] 3wso.pdb already exists
[SKIP] 3x37.pdb already exists
[SKIP] 3zeu.pdb already exists
[SKIP] 3zhe.pdb already exists
[SKIP] 3zkq.pdb already exists
[SKIP] 3zr4.pdb already exists
[SKIP] 3zyi.pdb already exists
[SKIP] 4a5u.pdb already exists
[SKIP] 4apx.pdb already exists
[SKIP] 4awx.pdb already exists
[SKIP] 4bh6.pdb already exists
[SKIP] 4bi8.pdb already exists
[SKIP] 4bjj.pdb already exists
[SKIP] 4bmp.pdb already exists
[SKIP] 4bvx.pdb already exists
[SKIP] 4c2a.pdb already exists
[SKIP] 4c4k.pdb already exists
[SKIP] 4cdg.pdb already exists
[SKIP] 4cgy.pdb already exists
[SKIP] 4ci6.pdb already exists
[SKIP] 4cj0.pdb already exists
[SKIP] 4cmm.pdb already exists
[SKIP] 4crw.pdb already exists
[SKIP] 4dfc.pdb already exists
[SKIP] 4e4w.pdb already exists
[SKIP] 4e6n.pdb already exists
[SKIP] 4emj.pdb already exists
[SKIP] 4eqa.pdb already exists
[SKIP] 4etp.pdb already exists
[SKIP] 4euk.pdb already exists
[SKIP] 4f6u.pdb already exists
[SKIP] 4fou.pdb already exists
[SKIP] 4fq0.pdb already exists
[SKIP] 4g6t.pdb already exists
[SKIP] 4g7x.pdb already exists
[SKIP] 4ged.pdb already exists
[SKIP] 4gn4.pdb already exists
[SKIP] 4h3k.pdb already exists
[SKIP] 4hff.pdb already exists
[SKIP] 4hlu.pdb already exists
[SKIP] 4hop.pdb already exists
[SKIP] 4ht3.pdb already exists
[SKIP] 4iu2.pdb already exists
[SKIP] 4je3.pdb already exists
[SKIP] 4joi.pdb already exists
[SKIP] 4k12.pdb already exists
[SKIP] 4kbm.pdb already exists
[SKIP] 4kdl.pdb already exists
[SKIP] 4kt3.pdb already exists
[SKIP] 4kt6.pdb already exists
[SKIP] 4l79.pdb already exists
[SKIP] 4m0w.pdb already exists
[SKIP] 4m69.pdb already exists
[SKIP] 4m70.pdb already exists
[SKIP] 4mh0.pdb already exists
[SKIP] 4mrt.pdb already exists
[SKIP] 4n80.pdb already exists
[SKIP] 4nqw.pdb already exists
[SKIP] 4onm.pdb already exists
[SKIP] 4p3y.pdb already exists
[SKIP] 4pw9.pdb already exists
[SKIP] 4qam.pdb already exists
[SKIP] 4qj3.pdb already exists
[SKIP] 4qjf.pdb already exists
[SKIP] 4qlp.pdb already exists
[SKIP] 4qxa.pdb already exists
[SKIP] 4rca.pdb already exists
[SKIP] 4rhz.pdb already exists
[SKIP] 4rlj.pdb already exists
[SKIP] 4rs1.pdb already exists
[SKIP] 4tth.pdb already exists
[SKIP] 4tx3.pdb already exists
[SKIP] 4u5y.pdb already exists
[SKIP] 4uaf.pdb already exists
[SKIP] 4udm.pdb already exists
[SKIP] 4us0.pdb already exists
[SKIP] 4uyq.pdb already exists
[SKIP] 4w6x.pdb already exists
[SKIP] 4wem.pdb already exists
[SKIP] 4wkz.pdb already exists
[SKIP] 4ww7.pdb already exists
[SKIP] 4wz3.pdb already exists
[SKIP] 4x33.pdb already exists
[SKIP] 4x6r.pdb already exists
[SKIP] 4xax.pdb already exists
[SKIP] 4xga.pdb already exists
[SKIP] 4xlg.pdb already exists
[SKIP] 4y2o.pdb already exists
[SKIP] 4y5o.pdb already exists
[SKIP] 4yc7.pdb already exists
[SKIP] 4yh8.pdb already exists
[SKIP] 4yii.pdb already exists
[SKIP] 4yk8.pdb already exists
[SKIP] 4yn0.pdb already exists
[SKIP] 4yoc.pdb already exists
[SKIP] 4yxc.pdb already exists
[SKIP] 4zfr.pdb already exists
[SKIP] 4zgn.pdb already exists
[SKIP] 4zgy.pdb already exists
[SKIP] 4zqu.pdb already exists
[SKIP] 4zrl.pdb already exists
[SKIP] 4zv0.pdb already exists
[SKIP] 5abu.pdb already exists
[SKIP] 5aie.pdb already exists
[SKIP] 5b5w.pdb already exists
[SKIP] 5b64.pdb already exists
[SKIP] 5bz0.pdb already exists
[SKIP] 5c2j.pdb already exists
[SKIP] 5c2u.pdb already exists
[SKIP] 5c46.pdb already exists
[SKIP] 5c50.pdb already exists
[SKIP] 5cec.pdb already exists
[SKIP] 5chl.pdb already exists
[SKIP] 5cm2.pdb already exists
[SKIP] 5cm8.pdb already exists
[SKIP] 5cxb.pdb already exists
[SKIP] 5czd.pdb already exists
[SKIP] 5d1m.pdb already exists
[SKIP] 5d5n.pdb already exists
[SKIP] 5dmb.pdb already exists
[SKIP] 5dmr.pdb already exists
[SKIP] 5dqs.pdb already exists
[SKIP] 5e0q.pdb already exists
[SKIP] 5e6u.pdb already exists
[SKIP] 5e8c.pdb already exists
[SKIP] 5e95.pdb already exists
[SKIP] 5ee5.pdb already exists
[SKIP] 5eo9.pdb already exists
[SKIP] 5eu0.pdb already exists
[SKIP] 5f22.pdb already exists
[SKIP] 5f4e.pdb already exists
[SKIP] 5ffn.pdb already exists
[SKIP] 5fq2.pdb already exists
[SKIP] 5fr1.pdb already exists
[SKIP] 5gpy.pdb already exists
[SKIP] 5h65.pdb already exists
[SKIP] 5il2.pdb already exists
[SKIP] 5imm.pdb already exists
[SKIP] 5imt.pdb already exists
[SKIP] 5iwb.pdb already exists
[SKIP] 5j26.pdb already exists
[SKIP] 5j4s.pdb already exists
[SKIP] 5jno.pdb already exists
[SKIP] 5jp1.pdb already exists
[SKIP] 5jqp.pdb already exists
[SKIP] 5jqs.pdb already exists
[SKIP] 5jwo.pdb already exists
[SKIP] 5k04.pdb already exists
[SKIP] 5k22.pdb already exists
[SKIP] 5kev.pdb already exists
[SKIP] 5knh.pdb already exists
[SKIP] 5kp7.pdb already exists
[SKIP] 5kyc.pdb already exists
[SKIP] 5l2w.pdb already exists
[SKIP] 5l8l.pdb already exists
[SKIP] 5lda.pdb already exists
[SKIP] 5m2o.pdb already exists
[SKIP] 5maw.pdb already exists
[SKIP] 5mu7.pdb already exists
[SKIP] 5ncm.pdb already exists
[SKIP] 5nrm.pdb already exists
[SKIP] 5o33.pdb already exists
[SKIP] 5oe7.pdb already exists
[SKIP] 5oec.pdb already exists
[SKIP] 5oen.pdb already exists
[SKIP] 5svh.pdb already exists
[SKIP] 5szh.pdb already exists
[SKIP] 5tvq.pdb already exists
[SKIP] 5u8c.pdb already exists
[SKIP] 5v03.pdb already exists
[SKIP] 5v5h.pdb already exists
[SKIP] 5vgb.pdb already exists
[SKIP] 5vxm.pdb already exists
[SKIP] 5w59.pdb already exists
[SKIP] 5wmm.pdb already exists
[SKIP] 5wp3.pdb already exists
[SKIP] 5wxk.pdb already exists
[SKIP] 5wy5.pdb already exists
[SKIP] 5xbf.pdb already exists
[SKIP] 5xed.pdb already exists
[SKIP] 5xly.pdb already exists
[SKIP] 5xve.pdb already exists
[SKIP] 5ynm.pdb already exists
[SKIP] 5zwl.pdb already exists
[SKIP] 5zza.pdb already exists
[SKIP] 6aci.pdb already exists
[SKIP] 6aw3.pdb already exists
[SKIP] 6bcb.pdb already exists
[SKIP] 6bn1.pdb already exists
[SKIP] 6c0b.pdb already exists
[SKIP] 6c7y.pdb already exists
[SKIP] 6c90.pdb already exists
[SKIP] 6ch3.pdb already exists
[SKIP] 6dex.pdb already exists
[SKIP] 6dfl.pdb already exists
[SKIP] 6e8e.pdb already exists
[SKIP] 6ea3.pdb already exists
[SKIP] 6ei1.pdb already exists
[SKIP] 6fc0.pdb already exists
[SKIP] 6fc3.pdb already exists
[SKIP] 6fcv.pdb already exists
[SKIP] 6ffa.pdb already exists
[SKIP] 6fub.pdb already exists
[SKIP] 6fv0.pdb already exists
[SKIP] 6g4j.pdb already exists
[SKIP] 6g8r.pdb already exists
[SKIP] 6gho.pdb already exists
[SKIP] 6gr8.pdb already exists
[SKIP] 6h1f.pdb already exists
[SKIP] 6h2u.pdb already exists
[SKIP] 6hlv.pdb already exists
[SKIP] 6hul.pdb already exists
[SKIP] 6i4e.pdb already exists
[SKIP] 6i8g.pdb already exists
[SKIP] 6if2.pdb already exists
[SKIP] 6if3.pdb already exists
[SKIP] 6imf.pdb already exists
[SKIP] 6ine.pdb already exists
[SKIP] 6ird.pdb already exists
[SKIP] 6isc.pdb already exists
[SKIP] 6ixx.pdb already exists
[SKIP] 6jzy.pdb already exists
[SKIP] 6k9p.pdb already exists
[SKIP] 6kbr.pdb already exists
[SKIP] 6kip.pdb already exists
[SKIP] 6kmq.pdb already exists
[SKIP] 6kp3.pdb already exists
[SKIP] 6l1y.pdb already exists
[SKIP] 6l4o.pdb already exists
[SKIP] 6l4p.pdb already exists
[SKIP] 6l59.pdb already exists
[SKIP] 6lbu.pdb already exists
[SKIP] 6lki.pdb already exists
[SKIP] 6m3i.pdb already exists
[SKIP] 6mav.pdb already exists
[SKIP] 6mba.pdb already exists
[SKIP] 6mib.pdb already exists
[SKIP] 6mm8.pdb already exists
[SKIP] 6ndu.pdb already exists
[SKIP] 6o6e.pdb already exists
[SKIP] 6od1.pdb already exists
[SKIP] 6odd.pdb already exists
[SKIP] 6oq7.pdb already exists
[SKIP] 6pgv.pdb already exists
[SKIP] 6pnp.pdb already exists
[SKIP] 6qta.pdb already exists
[SKIP] 6r6m.pdb already exists
[SKIP] 6rll.pdb already exists
[SKIP] 6rmn.pdb already exists
[SKIP] 6rtw.pdb already exists
[SKIP] 6sdv.pdb already exists
[SKIP] 6sm5.pdb already exists
[SKIP] 6swt.pdb already exists
[SKIP] 6thl.pdb already exists
[SKIP] 6tri.pdb already exists
[SKIP] 6u3w.pdb already exists
[SKIP] 6ux8.pdb already exists
[SKIP] 6vcl.pdb already exists
[SKIP] 6w2l.pdb already exists
[SKIP] 6w9s.pdb already exists
[SKIP] 6wcw.pdb already exists
[SKIP] 6wh1.pdb already exists
[SKIP] 6wtg.pdb already exists
[SKIP] 6x07.pdb already exists
[SKIP] 6x90.pdb already exists
[SKIP] 6y4l.pdb already exists
[SKIP] 6zdt.pdb already exists
[SKIP] 6zie.pdb already exists
[SKIP] 6zmd.pdb already exists
[SKIP] 7azb.pdb already exists
[SKIP] 7bu5.pdb already exists
[SKIP] 7bxf.pdb already exists
[SKIP] 7cd8.pdb already exists
[SKIP] 7cei.pdb already exists
[SKIP] 7cn7.pdb already exists
[SKIP] 7d2s.pdb already exists
