[2026-02-02 13:04:45] [INFO] Starting PSSM extraction pipeline
[2026-02-02 13:04:45] [INFO] Log file: logs/pssm_extraction.log
[2026-02-02 13:04:45] [INFO] PSI-BLAST found: psiblast
[2026-02-02 13:04:45] [INFO] BLAST database found: /home/iiitdwd/ppi/Model/blast_db/uniref50/uniref50
[2026-02-02 13:04:45] [INFO] ================================================================================
[2026-02-02 13:04:45] [INFO] PSSM extraction: data/fasta/Train_335.fa
[2026-02-02 13:04:45] [INFO] ================================================================================
[2026-02-02 13:04:45] [INFO] Total proteins: 335
[2026-02-02 13:04:45] [INFO] Using 32 parallel workers (CPU cores: 64)
[2026-02-02 13:04:45] [INFO] PSI-BLAST threads per worker: 2
[2026-02-02 13:04:45] [INFO] Total concurrent threads: 64
[2026-02-02 13:04:45] [INFO] Starting parallel processing...
[2026-02-02 13:09:28] [INFO] Progress: 1/335 (0.3%) | Success: 1 | Failed: 0 | Rate: 0.00 proteins/sec | ETA: 1576.2 min
[2026-02-02 13:10:26] [INFO] Progress: 5/335 (1.5%) | Success: 5 | Failed: 0 | Rate: 0.01 proteins/sec | ETA: 375.1 min
[2026-02-02 13:11:04] [INFO] Progress: 10/335 (3.0%) | Success: 10 | Failed: 0 | Rate: 0.03 proteins/sec | ETA: 205.2 min
[2026-02-02 13:13:31] [INFO] Progress: 20/335 (6.0%) | Success: 20 | Failed: 0 | Rate: 0.04 proteins/sec | ETA: 138.2 min
[2026-02-02 13:14:46] [WARNING] PSI-BLAST timeout (>5min)
[2026-02-02 13:14:46] [WARNING] PSI-BLAST timeout (>5min)
[2026-02-02 13:14:46] [WARNING] PSI-BLAST timeout (>5min)
[2026-02-02 13:14:46] [WARNING] PSI-BLAST timeout (>5min)
[2026-02-02 13:14:46] [WARNING] PSI-BLAST timeout (>5min)
[2026-02-02 13:14:46] [WARNING] PSI-BLAST timeout (>5min)
[2026-02-02 13:14:46] [WARNING] PSI-BLAST timeout (>5min)
[2026-02-02 13:14:46] [WARNING] PSI-BLAST timeout (>5min)
[2026-02-02 13:14:46] [INFO] Progress: 30/335 (9.0%) | Success: 22 | Failed: 8 | Rate: 0.05 proteins/sec | ETA: 101.9 min
[2026-02-02 13:14:46] [WARNING] PSI-BLAST timeout (>5min)
[2026-02-02 13:14:46] [WARNING] PSI-BLAST timeout (>5min)
[2026-02-02 13:14:46] [WARNING] PSI-BLAST timeout (>5min)
[2026-02-02 13:18:19] [INFO] Progress: 40/335 (11.9%) | Success: 29 | Failed: 11 | Rate: 0.05 proteins/sec | ETA: 100.0 min
[2026-02-02 13:19:38] [WARNING] PSI-BLAST timeout (>5min)
[2026-02-02 13:20:42] [WARNING] PSI-BLAST timeout (>5min)
[2026-02-02 13:21:05] [WARNING] PSI-BLAST timeout (>5min)
[2026-02-02 13:21:05] [INFO] Progress: 50/335 (14.9%) | Success: 36 | Failed: 14 | Rate: 0.05 proteins/sec | ETA: 93.1 min
[2026-02-02 13:21:21] [WARNING] PSI-BLAST timeout (>5min)
[2026-02-02 13:21:38] [WARNING] PSI-BLAST timeout (>5min)
[2026-02-02 13:22:56] [WARNING] PSI-BLAST timeout (>5min)
[2026-02-02 13:23:18] [WARNING] PSI-BLAST timeout (>5min)
[2026-02-02 13:23:18] [INFO] Progress: 60/335 (17.9%) | Success: 42 | Failed: 18 | Rate: 0.05 proteins/sec | ETA: 85.0 min
[2026-02-02 13:24:47] [WARNING] PSI-BLAST timeout (>5min)
[2026-02-02 13:24:47] [WARNING] PSI-BLAST timeout (>5min)
[2026-02-02 13:24:47] [WARNING] PSI-BLAST timeout (>5min)
[2026-02-02 13:24:47] [WARNING] PSI-BLAST timeout (>5min)
[2026-02-02 13:24:47] [WARNING] PSI-BLAST timeout (>5min)
[2026-02-02 13:24:47] [WARNING] PSI-BLAST timeout (>5min)
[2026-02-02 13:25:07] [INFO] Progress: 70/335 (20.9%) | Success: 46 | Failed: 24 | Rate: 0.06 proteins/sec | ETA: 77.1 min
[2026-02-02 13:26:22] [WARNING] PSI-BLAST timeout (>5min)
[2026-02-02 13:27:09] [WARNING] PSI-BLAST timeout (>5min)
[2026-02-02 13:28:15] [INFO] Progress: 80/335 (23.9%) | Success: 54 | Failed: 26 | Rate: 0.06 proteins/sec | ETA: 74.9 min
[2026-02-02 13:28:20] [WARNING] PSI-BLAST timeout (>5min)
[2026-02-02 13:29:46] [WARNING] PSI-BLAST timeout (>5min)
[2026-02-02 13:29:59] [WARNING] PSI-BLAST timeout (>5min)
[2026-02-02 13:30:14] [INFO] Progress: 90/335 (26.9%) | Success: 61 | Failed: 29 | Rate: 0.06 proteins/sec | ETA: 69.4 min
[2026-02-02 13:31:22] [WARNING] PSI-BLAST timeout (>5min)
[2026-02-02 13:31:25] [WARNING] PSI-BLAST timeout (>5min)
[2026-02-02 13:32:09] [WARNING] PSI-BLAST timeout (>5min)
[2026-02-02 13:33:17] [WARNING] PSI-BLAST timeout (>5min)
[2026-02-02 13:33:19] [WARNING] PSI-BLAST timeout (>5min)
[2026-02-02 13:34:12] [WARNING] PSI-BLAST timeout (>5min)
[2026-02-02 13:34:13] [INFO] Progress: 100/335 (29.9%) | Success: 65 | Failed: 35 | Rate: 0.06 proteins/sec | ETA: 69.2 min
[2026-02-02 13:34:47] [WARNING] PSI-BLAST timeout (>5min)
[2026-02-02 13:34:48] [WARNING] PSI-BLAST timeout (>5min)
[2026-02-02 13:34:48] [WARNING] PSI-BLAST timeout (>5min)
[2026-02-02 13:35:08] [WARNING] PSI-BLAST timeout (>5min)
[2026-02-02 13:35:41] [WARNING] PSI-BLAST timeout (>5min)
[2026-02-02 13:35:58] [INFO] Progress: 110/335 (32.8%) | Success: 70 | Failed: 40 | Rate: 0.06 proteins/sec | ETA: 63.9 min
[2026-02-02 13:38:09] [WARNING] PSI-BLAST timeout (>5min)
[2026-02-02 13:38:16] [WARNING] PSI-BLAST timeout (>5min)
[2026-02-02 13:38:20] [WARNING] PSI-BLAST timeout (>5min)
[2026-02-02 13:38:32] [WARNING] PSI-BLAST timeout (>5min)
[2026-02-02 13:38:32] [INFO] Progress: 120/335 (35.8%) | Success: 76 | Failed: 44 | Rate: 0.06 proteins/sec | ETA: 60.5 min
[2026-02-02 13:38:54] [WARNING] PSI-BLAST timeout (>5min)
[2026-02-02 13:39:37] [WARNING] PSI-BLAST timeout (>5min)
[2026-02-02 13:39:47] [WARNING] PSI-BLAST timeout (>5min)
[2026-02-02 13:40:01] [WARNING] PSI-BLAST timeout (>5min)
[2026-02-02 13:40:50] [INFO] Progress: 130/335 (38.8%) | Success: 82 | Failed: 48 | Rate: 0.06 proteins/sec | ETA: 56.9 min
[2026-02-02 13:41:26] [WARNING] PSI-BLAST timeout (>5min)
[2026-02-02 13:42:40] [INFO] Starting PSSM extraction pipeline
[2026-02-02 13:42:40] [INFO] Log file: logs/pssm_extraction.log
[2026-02-02 13:42:40] [INFO] PSI-BLAST found: psiblast
[2026-02-02 13:42:40] [INFO] BLAST database found: /home/iiitdwd/ppi/Model/blast_db/uniref50/uniref50
[2026-02-02 13:42:40] [INFO] ================================================================================
[2026-02-02 13:42:40] [INFO] PSSM extraction: data/fasta/Train_335.fa
[2026-02-02 13:42:40] [INFO] ================================================================================
[2026-02-02 13:42:40] [INFO] Total proteins: 335
[2026-02-02 13:42:40] [INFO] Using 2 parallel workers (CPU cores: 64)
[2026-02-02 13:42:40] [INFO] PSI-BLAST threads per worker: 6
[2026-02-02 13:42:40] [INFO] Total concurrent threads: 12
[2026-02-02 13:42:40] [INFO] Starting parallel processing...
[2026-02-02 13:43:44] [INFO] Progress: 1/335 (0.3%) | Success: 1 | Failed: 0 | Rate: 0.02 proteins/sec | ETA: 353.5 min
[2026-02-02 13:46:30] [INFO] Progress: 5/335 (1.5%) | Success: 5 | Failed: 0 | Rate: 0.02 proteins/sec | ETA: 253.0 min
[2026-02-02 13:52:02] [INFO] Progress: 10/335 (3.0%) | Success: 10 | Failed: 0 | Rate: 0.02 proteins/sec | ETA: 304.4 min
[2026-02-02 14:02:54] [INFO] Progress: 20/335 (6.0%) | Success: 20 | Failed: 0 | Rate: 0.02 proteins/sec | ETA: 318.6 min
[2026-02-02 14:11:11] [INFO] Progress: 30/335 (9.0%) | Success: 30 | Failed: 0 | Rate: 0.02 proteins/sec | ETA: 289.9 min
[2026-02-02 14:19:44] [INFO] Progress: 40/335 (11.9%) | Success: 40 | Failed: 0 | Rate: 0.02 proteins/sec | ETA: 273.4 min
[2026-02-02 14:31:23] [INFO] Progress: 50/335 (14.9%) | Success: 50 | Failed: 0 | Rate: 0.02 proteins/sec | ETA: 277.7 min
[2026-02-02 14:40:13] [INFO] Progress: 60/335 (17.9%) | Success: 60 | Failed: 0 | Rate: 0.02 proteins/sec | ETA: 263.8 min
[2026-02-02 14:50:02] [INFO] Progress: 70/335 (20.9%) | Success: 70 | Failed: 0 | Rate: 0.02 proteins/sec | ETA: 255.0 min
[2026-02-02 14:58:52] [INFO] Progress: 80/335 (23.9%) | Success: 80 | Failed: 0 | Rate: 0.02 proteins/sec | ETA: 242.9 min
[2026-02-02 15:08:09] [INFO] Progress: 90/335 (26.9%) | Success: 90 | Failed: 0 | Rate: 0.02 proteins/sec | ETA: 232.7 min
[2026-02-02 15:18:24] [INFO] Progress: 100/335 (29.9%) | Success: 100 | Failed: 0 | Rate: 0.02 proteins/sec | ETA: 225.0 min
[2026-02-02 15:28:11] [INFO] Progress: 110/335 (32.8%) | Success: 110 | Failed: 0 | Rate: 0.02 proteins/sec | ETA: 215.8 min
[2026-02-02 15:39:25] [INFO] Progress: 120/335 (35.8%) | Success: 120 | Failed: 0 | Rate: 0.02 proteins/sec | ETA: 209.2 min
[2026-02-02 15:48:03] [INFO] Progress: 130/335 (38.8%) | Success: 130 | Failed: 0 | Rate: 0.02 proteins/sec | ETA: 197.7 min
[2026-02-02 15:56:21] [INFO] Progress: 140/335 (41.8%) | Success: 140 | Failed: 0 | Rate: 0.02 proteins/sec | ETA: 186.2 min
[2026-02-02 16:04:04] [INFO] Progress: 150/335 (44.8%) | Success: 150 | Failed: 0 | Rate: 0.02 proteins/sec | ETA: 174.4 min
[2026-02-02 16:16:39] [INFO] Progress: 160/335 (47.8%) | Success: 160 | Failed: 0 | Rate: 0.02 proteins/sec | ETA: 168.4 min
[2026-02-02 16:24:19] [INFO] Progress: 170/335 (50.7%) | Success: 170 | Failed: 0 | Rate: 0.02 proteins/sec | ETA: 156.9 min
[2026-02-02 16:33:18] [INFO] Progress: 180/335 (53.7%) | Success: 180 | Failed: 0 | Rate: 0.02 proteins/sec | ETA: 146.9 min
[2026-02-02 16:41:58] [INFO] Progress: 190/335 (56.7%) | Success: 190 | Failed: 0 | Rate: 0.02 proteins/sec | ETA: 136.8 min
[2026-02-02 16:51:44] [INFO] Progress: 200/335 (59.7%) | Success: 200 | Failed: 0 | Rate: 0.02 proteins/sec | ETA: 127.6 min
[2026-02-02 17:04:24] [INFO] Progress: 210/335 (62.7%) | Success: 210 | Failed: 0 | Rate: 0.02 proteins/sec | ETA: 120.1 min
[2026-02-02 17:13:37] [INFO] Progress: 220/335 (65.7%) | Success: 220 | Failed: 0 | Rate: 0.02 proteins/sec | ETA: 110.3 min
[2026-02-02 17:25:34] [INFO] Progress: 230/335 (68.7%) | Success: 230 | Failed: 0 | Rate: 0.02 proteins/sec | ETA: 101.8 min
[2026-02-02 17:37:09] [INFO] Progress: 240/335 (71.6%) | Success: 240 | Failed: 0 | Rate: 0.02 proteins/sec | ETA: 92.8 min
[2026-02-02 17:48:44] [INFO] Progress: 250/335 (74.6%) | Success: 250 | Failed: 0 | Rate: 0.02 proteins/sec | ETA: 83.7 min
[2026-02-02 17:57:22] [INFO] Progress: 260/335 (77.6%) | Success: 260 | Failed: 0 | Rate: 0.02 proteins/sec | ETA: 73.5 min
[2026-02-02 18:03:05] [INFO] Progress: 270/335 (80.6%) | Success: 270 | Failed: 0 | Rate: 0.02 proteins/sec | ETA: 62.7 min
[2026-02-02 18:13:51] [INFO] Progress: 280/335 (83.6%) | Success: 280 | Failed: 0 | Rate: 0.02 proteins/sec | ETA: 53.3 min
[2026-02-02 18:22:46] [INFO] Progress: 290/335 (86.6%) | Success: 290 | Failed: 0 | Rate: 0.02 proteins/sec | ETA: 43.5 min
[2026-02-02 18:32:16] [INFO] Progress: 300/335 (89.6%) | Success: 300 | Failed: 0 | Rate: 0.02 proteins/sec | ETA: 33.8 min
[2026-02-02 18:41:28] [INFO] Progress: 310/335 (92.5%) | Success: 310 | Failed: 0 | Rate: 0.02 proteins/sec | ETA: 24.1 min
[2026-02-02 18:50:50] [INFO] Progress: 320/335 (95.5%) | Success: 320 | Failed: 0 | Rate: 0.02 proteins/sec | ETA: 14.4 min
[2026-02-02 19:00:30] [INFO] Progress: 330/335 (98.5%) | Success: 330 | Failed: 0 | Rate: 0.02 proteins/sec | ETA: 4.8 min
[2026-02-02 19:07:30] [INFO] Progress: 335/335 (100.0%) | Success: 335 | Failed: 0 | Rate: 0.02 proteins/sec | ETA: 0.0 min
[2026-02-02 19:07:33] [INFO] ================================================================================
[2026-02-02 19:07:33] [INFO] SUMMARY
[2026-02-02 19:07:33] [INFO] ================================================================================
[2026-02-02 19:07:33] [INFO] Total proteins: 335
[2026-02-02 19:07:33] [INFO] Successful: 335
[2026-02-02 19:07:33] [INFO] Failed (using default): 0
[2026-02-02 19:07:33] [INFO] Success rate: 100.0%
[2026-02-02 19:07:33] [INFO] Total time: 324.9 minutes (5.41 hours)
[2026-02-02 19:07:33] [INFO] Avg time per protein: 58.19 seconds
[2026-02-02 19:07:33] [INFO] Processing rate: 0.02 proteins/second
[2026-02-02 19:07:33] [INFO] Output: data/pssm/Train_335_pssm.csv
[2026-02-02 19:07:33] [INFO] Shape: (66366, 25)
[2026-02-02 19:07:33] [INFO] ================================================================================
[2026-02-02 19:07:33] [INFO] ================================================================================
[2026-02-02 19:07:33] [INFO] PSSM extraction: data/fasta/Test_60.fa
[2026-02-02 19:07:33] [INFO] ================================================================================
[2026-02-02 19:07:33] [INFO] Total proteins: 60
[2026-02-02 19:07:33] [INFO] Using 2 parallel workers (CPU cores: 64)
[2026-02-02 19:07:33] [INFO] PSI-BLAST threads per worker: 6
[2026-02-02 19:07:33] [INFO] Total concurrent threads: 12
[2026-02-02 19:07:33] [INFO] Starting parallel processing...
[2026-02-02 19:08:57] [INFO] Progress: 1/60 (1.7%) | Success: 1 | Failed: 0 | Rate: 0.01 proteins/sec | ETA: 82.3 min
[2026-02-02 19:12:04] [INFO] Progress: 5/60 (8.3%) | Success: 5 | Failed: 0 | Rate: 0.02 proteins/sec | ETA: 49.5 min
[2026-02-02 19:17:09] [INFO] Progress: 10/60 (16.7%) | Success: 10 | Failed: 0 | Rate: 0.02 proteins/sec | ETA: 48.0 min
[2026-02-02 19:25:16] [INFO] Progress: 20/60 (33.3%) | Success: 20 | Failed: 0 | Rate: 0.02 proteins/sec | ETA: 35.4 min
[2026-02-02 19:38:16] [INFO] Progress: 30/60 (50.0%) | Success: 30 | Failed: 0 | Rate: 0.02 proteins/sec | ETA: 30.7 min
[2026-02-02 19:48:29] [INFO] Progress: 40/60 (66.7%) | Success: 40 | Failed: 0 | Rate: 0.02 proteins/sec | ETA: 20.5 min
[2026-02-02 20:03:43] [INFO] Progress: 50/60 (83.3%) | Success: 50 | Failed: 0 | Rate: 0.01 proteins/sec | ETA: 11.2 min
[2026-02-02 20:12:31] [INFO] Progress: 60/60 (100.0%) | Success: 60 | Failed: 0 | Rate: 0.02 proteins/sec | ETA: 0.0 min
[2026-02-02 20:12:32] [INFO] ================================================================================
[2026-02-02 20:12:32] [INFO] SUMMARY
[2026-02-02 20:12:32] [INFO] ================================================================================
[2026-02-02 20:12:32] [INFO] Total proteins: 60
[2026-02-02 20:12:32] [INFO] Successful: 60
[2026-02-02 20:12:32] [INFO] Failed (using default): 0
[2026-02-02 20:12:32] [INFO] Success rate: 100.0%
[2026-02-02 20:12:32] [INFO] Total time: 65.0 minutes (1.08 hours)
[2026-02-02 20:12:32] [INFO] Avg time per protein: 64.98 seconds
[2026-02-02 20:12:32] [INFO] Processing rate: 0.02 proteins/second
[2026-02-02 20:12:32] [INFO] Output: data/pssm/Test_60_pssm.csv
[2026-02-02 20:12:32] [INFO] Shape: (13144, 25)
[2026-02-02 20:12:32] [INFO] ================================================================================
[2026-02-02 20:12:32] [INFO] ================================================================================
[2026-02-02 20:12:32] [INFO] PSSM extraction: data/fasta/Test_315.fa
[2026-02-02 20:12:32] [INFO] ================================================================================
[2026-02-02 20:12:32] [INFO] Total proteins: 315
[2026-02-02 20:12:32] [INFO] Using 2 parallel workers (CPU cores: 64)
[2026-02-02 20:12:32] [INFO] PSI-BLAST threads per worker: 6
[2026-02-02 20:12:32] [INFO] Total concurrent threads: 12
[2026-02-02 20:12:32] [INFO] Starting parallel processing...
[2026-02-02 20:17:30] [INFO] Progress: 1/315 (0.3%) | Success: 1 | Failed: 0 | Rate: 0.00 proteins/sec | ETA: 1557.6 min
[2026-02-02 20:26:29] [INFO] Progress: 5/315 (1.6%) | Success: 5 | Failed: 0 | Rate: 0.01 proteins/sec | ETA: 865.1 min
[2026-02-02 20:37:42] [INFO] Progress: 10/315 (3.2%) | Success: 10 | Failed: 0 | Rate: 0.01 proteins/sec | ETA: 767.8 min
[2026-02-02 20:54:23] [INFO] Progress: 20/315 (6.3%) | Success: 20 | Failed: 0 | Rate: 0.01 proteins/sec | ETA: 617.2 min
[2026-02-02 21:12:41] [INFO] Progress: 30/315 (9.5%) | Success: 30 | Failed: 0 | Rate: 0.01 proteins/sec | ETA: 571.4 min
[2026-02-02 21:29:05] [INFO] Progress: 40/315 (12.7%) | Success: 40 | Failed: 0 | Rate: 0.01 proteins/sec | ETA: 526.2 min
[2026-02-02 21:44:31] [INFO] Progress: 50/315 (15.9%) | Success: 50 | Failed: 0 | Rate: 0.01 proteins/sec | ETA: 487.5 min
[2026-02-02 21:57:58] [INFO] Progress: 60/315 (19.0%) | Success: 60 | Failed: 0 | Rate: 0.01 proteins/sec | ETA: 448.1 min
[2026-02-02 22:10:41] [INFO] Progress: 70/315 (22.2%) | Success: 70 | Failed: 0 | Rate: 0.01 proteins/sec | ETA: 413.5 min
[2026-02-02 22:21:52] [INFO] Progress: 80/315 (25.4%) | Success: 80 | Failed: 0 | Rate: 0.01 proteins/sec | ETA: 379.9 min
[2026-02-02 22:32:49] [INFO] Progress: 90/315 (28.6%) | Success: 90 | Failed: 0 | Rate: 0.01 proteins/sec | ETA: 350.7 min
[2026-02-02 22:45:34] [INFO] Progress: 100/315 (31.7%) | Success: 100 | Failed: 0 | Rate: 0.01 proteins/sec | ETA: 329.0 min
[2026-02-02 22:55:03] [INFO] Progress: 110/315 (34.9%) | Success: 110 | Failed: 0 | Rate: 0.01 proteins/sec | ETA: 302.9 min
[2026-02-02 23:04:35] [INFO] Progress: 120/315 (38.1%) | Success: 120 | Failed: 0 | Rate: 0.01 proteins/sec | ETA: 279.6 min
[2026-02-02 23:14:20] [INFO] Progress: 130/315 (41.3%) | Success: 130 | Failed: 0 | Rate: 0.01 proteins/sec | ETA: 258.7 min
[2026-02-02 23:23:54] [INFO] Progress: 140/315 (44.4%) | Success: 140 | Failed: 0 | Rate: 0.01 proteins/sec | ETA: 239.2 min
[2026-02-02 23:31:26] [INFO] Progress: 150/315 (47.6%) | Success: 150 | Failed: 0 | Rate: 0.01 proteins/sec | ETA: 218.8 min
[2026-02-02 23:39:40] [INFO] Progress: 160/315 (50.8%) | Success: 160 | Failed: 0 | Rate: 0.01 proteins/sec | ETA: 200.7 min
[2026-02-02 23:47:49] [INFO] Progress: 170/315 (54.0%) | Success: 170 | Failed: 0 | Rate: 0.01 proteins/sec | ETA: 183.6 min
[2026-02-02 23:55:39] [INFO] Progress: 180/315 (57.1%) | Success: 180 | Failed: 0 | Rate: 0.01 proteins/sec | ETA: 167.3 min
[2026-02-03 00:04:41] [INFO] Progress: 190/315 (60.3%) | Success: 190 | Failed: 0 | Rate: 0.01 proteins/sec | ETA: 152.7 min
[2026-02-03 00:12:51] [INFO] Progress: 200/315 (63.5%) | Success: 200 | Failed: 0 | Rate: 0.01 proteins/sec | ETA: 138.2 min
[2026-02-03 00:19:21] [INFO] Progress: 210/315 (66.7%) | Success: 210 | Failed: 0 | Rate: 0.01 proteins/sec | ETA: 123.4 min
[2026-02-03 00:26:37] [INFO] Progress: 220/315 (69.8%) | Success: 220 | Failed: 0 | Rate: 0.01 proteins/sec | ETA: 109.7 min
[2026-02-03 00:32:45] [INFO] Progress: 230/315 (73.0%) | Success: 230 | Failed: 0 | Rate: 0.01 proteins/sec | ETA: 96.2 min
[2026-02-03 00:38:58] [INFO] Progress: 240/315 (76.2%) | Success: 240 | Failed: 0 | Rate: 0.02 proteins/sec | ETA: 83.3 min
[2026-02-03 00:43:57] [INFO] Progress: 250/315 (79.4%) | Success: 250 | Failed: 0 | Rate: 0.02 proteins/sec | ETA: 70.6 min
[2026-02-03 00:49:12] [INFO] Progress: 260/315 (82.5%) | Success: 260 | Failed: 0 | Rate: 0.02 proteins/sec | ETA: 58.5 min
[2026-02-03 00:54:09] [INFO] Progress: 270/315 (85.7%) | Success: 270 | Failed: 0 | Rate: 0.02 proteins/sec | ETA: 46.9 min
[2026-02-03 00:59:34] [INFO] Progress: 280/315 (88.9%) | Success: 280 | Failed: 0 | Rate: 0.02 proteins/sec | ETA: 35.9 min
[2026-02-03 01:04:46] [INFO] Progress: 290/315 (92.1%) | Success: 290 | Failed: 0 | Rate: 0.02 proteins/sec | ETA: 25.2 min
[2026-02-03 01:09:16] [INFO] Progress: 300/315 (95.2%) | Success: 300 | Failed: 0 | Rate: 0.02 proteins/sec | ETA: 14.8 min
[2026-02-03 01:13:40] [INFO] Progress: 310/315 (98.4%) | Success: 310 | Failed: 0 | Rate: 0.02 proteins/sec | ETA: 4.9 min
[2026-02-03 01:15:19] [INFO] Progress: 315/315 (100.0%) | Success: 315 | Failed: 0 | Rate: 0.02 proteins/sec | ETA: 0.0 min
[2026-02-03 01:15:22] [INFO] ================================================================================
[2026-02-03 01:15:22] [INFO] SUMMARY
[2026-02-03 01:15:22] [INFO] ================================================================================
[2026-02-03 01:15:22] [INFO] Total proteins: 315
[2026-02-03 01:15:22] [INFO] Successful: 315
[2026-02-03 01:15:22] [INFO] Failed (using default): 0
[2026-02-03 01:15:22] [INFO] Success rate: 100.0%
[2026-02-03 01:15:22] [INFO] Total time: 302.8 minutes (5.05 hours)
[2026-02-03 01:15:22] [INFO] Avg time per protein: 57.68 seconds
[2026-02-03 01:15:22] [INFO] Processing rate: 0.02 proteins/second
[2026-02-03 01:15:22] [INFO] Output: data/pssm/Test_315_pssm.csv
[2026-02-03 01:15:22] [INFO] Shape: (65331, 25)
[2026-02-03 01:15:22] [INFO] ================================================================================
