============================================
PSSM Setup Started: Sunday 01 February 2026 03:17:29 AM IST
============================================
Log file: /home/iiitdwd/ppi/Model/logs/pssm_setup_20260201_031729.log

[1/7] Checking prerequisites...

Available disk space: 322GB
[✓] Disk space OK

[✓] PSI-BLAST already installed
psiblast: 2.12.0+
 Package: blast 2.12.0, build Mar  8 2022 16:19:08

[2/7] Downloading UniRef50 database...

[✓] uniref50.fasta already exists, skipping download

[3/7] Uncompressing database...

[✓] uniref50.fasta already exists (23G)

[4/7] Formatting database for BLAST...

Starting makeblastdb: Sunday 01 February 2026 03:17:30 AM IST


Building a new DB, current time: 02/01/2026 03:17:30
New DB name:   /home/iiitdwd/blast_db/uniref50/uniref50
New DB title:  uniref50.fasta
Sequence type: Protein
Deleted existing Protein BLAST database named /home/iiitdwd/blast_db/uniref50/uniref50
Keep MBits: T
Maximum file size: 4000000000B
